


ARM Macro Assembler    Page 1 


    1 00000000         ;****************** main.s ***************
    2 00000000         ; Program initially written by: Yerraballi and Valvano
    3 00000000         ; Author: Place your name here
    4 00000000         ; Date Created: 1/15/2018 
    5 00000000         ; Last Modified: 12/30/2022 
    6 00000000         ; Brief description of the program: Solution to Lab1
    7 00000000         ; The objective of this system is to implement a parity 
                       system
    8 00000000         ; Hardware connections: 
    9 00000000         ;  One output is positive logic, 1 turns on the LED, 0 t
                       urns off the LED
   10 00000000         ;  Three inputs are positive logic, meaning switch not p
                       ressed is 0, pressed is 1
   11 00000000 400073FC 
                       GPIO_PORTD_DATA_R
                               EQU              0x400073FC
   12 00000000 40007400 
                       GPIO_PORTD_DIR_R
                               EQU              0x40007400
   13 00000000 4000751C 
                       GPIO_PORTD_DEN_R
                               EQU              0x4000751C
   14 00000000 400243FC 
                       GPIO_PORTE_DATA_R
                               EQU              0x400243FC
   15 00000000 40024400 
                       GPIO_PORTE_DIR_R
                               EQU              0x40024400
   16 00000000 4002451C 
                       GPIO_PORTE_DEN_R
                               EQU              0x4002451C
   17 00000000 400FE608 
                       SYSCTL_RCGCGPIO_R
                               EQU              0x400FE608
   18 00000000                 PRESERVE8
   19 00000000                 AREA             Data, ALIGN=2
   20 00000000         ; Declare global variables here if needed
   21 00000000         
   22 00000000         ; with the SPACE assembly directive
   23 00000000                 ALIGN            4
   24 00000000                 AREA             |.text|, CODE, READONLY, ALIGN=
2
   25 00000000                 THUMB
   26 00000000                 EXPORT           EID
   27 00000000 41 42 43 
              31 32 33 
              01       EID     DCB              "ABC123",1  ;replace ABC123 wit
                                                            h your EID
   28 00000007                 EXPORT           RunGrader
   29 00000007 00              ALIGN            4
   30 00000008 00000001 
                       RunGrader
                               DCD              1           ; change to nonzero
                                                             when ready for gra
                                                            ding
   31 0000000C         
   32 0000000C                 EXPORT           Lab1
   33 0000000C         
   34 0000000C         Lab1



ARM Macro Assembler    Page 2 


   35 0000000C         ;initialization
   36 0000000C 4812            LDR              R0,=SYSCTL_RCGCGPIO_R
   37 0000000E F04F 0108       MOV              R1,#0x08
   38 00000012 6001            STR              R1,[R0]
   39 00000014 4A11            LDR              R2,=GPIO_PORTD_DIR_R
   40 00000016 F04F 0310       MOV              R3,#0x10
   41 0000001A 6013            STR              R3,[R2]
   42 0000001C 4C10            LDR              R4,=GPIO_PORTD_DEN_R
   43 0000001E F04F 0517       MOV              R5,#0x17
   44 00000022 6025            STR              R5,[R4]
   45 00000024         loop
   46 00000024 480F            LDR              R0,=GPIO_PORTD_DATA_R
   47 00000026 6801            LDR              R1,[R0]
   48 00000028 F001 0201       AND              R2,R1,#0x01
   49 0000002C F001 0302       AND              R3,R1,#0x02
   50 00000030 EA4F 0353       LSR              R3,R3,#0x01
   51 00000034 F001 0404       AND              R4,R1,#0x04
   52 00000038 EA4F 0494       LSR              R4,R4,#0x02
   53 0000003C EA82 0503       EOR              R5,R2,R3
   54 00000040 EA84 0605       EOR              R6,R4,R5
   55 00000044 F086 0601       EOR              R6,R6,0x01
   56 00000048 EA4F 1606       LSL              R6,R6,#0x04
   57 0000004C F021 0110       BIC              R1,R1,#0x10
   58 00000050 EA41 0106       ORR              R1,R1,R6
   59 00000054 6001            STR              R1,[R0]
   60 00000056         ;main program loop
   61 00000056 E7E5            B                loop
   62 00000058         
   63 00000058                 ALIGN                        ; make sure the end
                                                             of this section is
                                                             aligned
   64 00000058                 END                          ; end of file
              400FE608 
              40007400 
              4000751C 
              400073FC 
Command Line: --debug --xref --diag_suppress=9931,A1950W --cpu=Cortex-M4 --fpu=
SoftVFP --depend=.\lab1.d -o.\lab1.o -I.\RTE\_Lab1 -IC:\Users\ADMIN\AppData\Loc
al\Arm\Packs\ARM\CMSIS\5.9.0\CMSIS\Core\Include -IC:\Users\ADMIN\AppData\Local\
Arm\Packs\Keil\TM4C_DFP\1.1.0\Device\Include\TM4C123 --predefine="__EVAL SETA 1
" --predefine="__UVISION_VERSION SETA 538" --predefine="_RTE_ SETA 1" --predefi
ne="TM4C123GH6PM SETA 1" --predefine="_RTE_ SETA 1" --list=.\lab1.lst Lab1.s



ARM Macro Assembler    Page 1 Alphabetic symbol ordering
Relocatable symbols

Data 00000000

Symbol: Data
   Definitions
      At line 19 in file Lab1.s
   Uses
      None
Comment: Data unused
1 symbol



ARM Macro Assembler    Page 1 Alphabetic symbol ordering
Relocatable symbols

.text 00000000

Symbol: .text
   Definitions
      At line 24 in file Lab1.s
   Uses
      None
Comment: .text unused
EID 00000000

Symbol: EID
   Definitions
      At line 27 in file Lab1.s
   Uses
      At line 26 in file Lab1.s
Comment: EID used once
Lab1 0000000C

Symbol: Lab1
   Definitions
      At line 34 in file Lab1.s
   Uses
      At line 32 in file Lab1.s
Comment: Lab1 used once
RunGrader 00000008

Symbol: RunGrader
   Definitions
      At line 30 in file Lab1.s
   Uses
      At line 28 in file Lab1.s
Comment: RunGrader used once
loop 00000024

Symbol: loop
   Definitions
      At line 45 in file Lab1.s
   Uses
      At line 61 in file Lab1.s
Comment: loop used once
5 symbols



ARM Macro Assembler    Page 1 Alphabetic symbol ordering
Absolute symbols

GPIO_PORTD_DATA_R 400073FC

Symbol: GPIO_PORTD_DATA_R
   Definitions
      At line 11 in file Lab1.s
   Uses
      At line 46 in file Lab1.s
Comment: GPIO_PORTD_DATA_R used once
GPIO_PORTD_DEN_R 4000751C

Symbol: GPIO_PORTD_DEN_R
   Definitions
      At line 13 in file Lab1.s
   Uses
      At line 42 in file Lab1.s
Comment: GPIO_PORTD_DEN_R used once
GPIO_PORTD_DIR_R 40007400

Symbol: GPIO_PORTD_DIR_R
   Definitions
      At line 12 in file Lab1.s
   Uses
      At line 39 in file Lab1.s
Comment: GPIO_PORTD_DIR_R used once
GPIO_PORTE_DATA_R 400243FC

Symbol: GPIO_PORTE_DATA_R
   Definitions
      At line 14 in file Lab1.s
   Uses
      None
Comment: GPIO_PORTE_DATA_R unused
GPIO_PORTE_DEN_R 4002451C

Symbol: GPIO_PORTE_DEN_R
   Definitions
      At line 16 in file Lab1.s
   Uses
      None
Comment: GPIO_PORTE_DEN_R unused
GPIO_PORTE_DIR_R 40024400

Symbol: GPIO_PORTE_DIR_R
   Definitions
      At line 15 in file Lab1.s
   Uses
      None
Comment: GPIO_PORTE_DIR_R unused
SYSCTL_RCGCGPIO_R 400FE608

Symbol: SYSCTL_RCGCGPIO_R
   Definitions
      At line 17 in file Lab1.s
   Uses
      At line 36 in file Lab1.s
Comment: SYSCTL_RCGCGPIO_R used once
7 symbols
349 symbols in table
